<?xml version="1.0" encoding="UTF-8"?>
<testng-results ignored="0" total="1" passed="1" failed="0" skipped="0">
  <reporter-output>
  </reporter-output>
  <suite started-at="2024-07-03T18:59:43 IST" name="Default suite" finished-at="2024-07-03T18:59:44 IST" duration-ms="1131">
    <groups>
    </groups>
    <test started-at="2024-07-03T18:59:43 IST" name="Default test" finished-at="2024-07-03T18:59:44 IST" duration-ms="1131">
      <class name="com.test.ex3_test">
        <test-method is-config="true" signature="beforeTest(java.lang.reflect.Method)[pri:0, instance:com.test.ex3_test@57d7f8ca]" started-at="2024-07-03T18:59:43 IST" name="beforeTest" finished-at="2024-07-03T18:59:43 IST" duration-ms="5" status="PASS">
          <params>
            <param index="0">
              <value>
                <![CDATA[public void com.test.ex3_test.get()]]>
              </value>
            </param>
          </params>
          <reporter-output>
          </reporter-output>
        </test-method> <!-- beforeTest -->
        <test-method signature="get()[pri:0, instance:com.test.ex3_test@57d7f8ca]" started-at="2024-07-03T18:59:43 IST" name="get" finished-at="2024-07-03T18:59:44 IST" duration-ms="1097" status="PASS">
          <reporter-output>
          </reporter-output>
        </test-method> <!-- get -->
      </class> <!-- com.test.ex3_test -->
    </test> <!-- Default test -->
  </suite> <!-- Default suite -->
</testng-results>
