<?xml version="1.0" encoding="UTF-8"?>
<testng-results ignored="0" total="2" passed="2" failed="0" skipped="0">
  <reporter-output>
  </reporter-output>
  <suite started-at="2024-07-10T16:43:35 IST" name="Default suite" finished-at="2024-07-10T16:43:41 IST" duration-ms="5841">
    <groups>
    </groups>
    <test started-at="2024-07-10T16:43:35 IST" name="Default test" finished-at="2024-07-10T16:43:41 IST" duration-ms="5841">
      <class name="com.test.ex8_OAuth">
        <test-method signature="generateToken()[pri:0, instance:com.test.ex8_OAuth@3e84448c]" started-at="2024-07-10T16:43:35 IST" name="generateToken" finished-at="2024-07-10T16:43:41 IST" duration-ms="5191" status="PASS">
          <reporter-output>
          </reporter-output>
        </test-method> <!-- generateToken -->
        <test-method signature="getCourseDetails()[pri:0, instance:com.test.ex8_OAuth@3e84448c]" started-at="2024-07-10T16:43:41 IST" name="getCourseDetails" finished-at="2024-07-10T16:43:41 IST" depends-on-methods="com.test.ex8_OAuth.generateToken" duration-ms="577" status="PASS">
          <reporter-output>
          </reporter-output>
        </test-method> <!-- getCourseDetails -->
      </class> <!-- com.test.ex8_OAuth -->
    </test> <!-- Default test -->
  </suite> <!-- Default suite -->
</testng-results>
